<?xml version="1.0" encoding="UTF-8"?>
<!-- Generated by org.testng.reporters.JUnitReportReporter -->
<testsuite hostname="mhsi-w10-mtest9" name="testScripts.TestLogin" tests="1" failures="0" timestamp="11 Apr 2018 10:41:30 GMT" time="1.411" errors="0">
  <testcase name="createOrgGroupID" time="1.411" classname="testScripts.TestLogin"/>
</testsuite> <!-- testScripts.TestLogin -->
